<?xml version="1.0" encoding="UTF-8"?>
<!-- Generated by org.testng.reporters.JUnitReportReporter -->
<testsuite hostname="LTIN251467" failures="0" tests="3" name="com.miniProject.pomTestPF" time="5.051" errors="0" timestamp="2024-01-11T14:57:54 IST" skipped="0">
  <testcase classname="com.miniProject.pomTestPF" name="validatePage" time="1.702"/>
  <testcase classname="com.miniProject.pomTestPF" name="totalLinks" time="2.896"/>
  <testcase classname="com.miniProject.pomTestPF" name="windowHandling" time="0.453"/>
</testsuite> <!-- com.miniProject.pomTestPF -->
