<?xml version="1.0" encoding="UTF-8"?>
<!-- Generated by org.testng.reporters.JUnitReportReporter -->
<testsuite hostname="LTIN251467" failures="0" tests="3" name="com.miniProject.pomTest" time="9.948" errors="0" timestamp="2024-01-11T14:36:20 IST" skipped="0">
  <testcase classname="com.miniProject.pomTest" name="validatePage" time="3.965"/>
  <testcase classname="com.miniProject.pomTest" name="totalLinks" time="3.347"/>
  <testcase classname="com.miniProject.pomTest" name="windowHandling" time="2.636"/>
</testsuite> <!-- com.miniProject.pomTest -->
