<?xml version="1.0" encoding="UTF-8"?>
<!-- Generated by org.testng.reporters.JUnitReportReporter -->
<testsuite hostname="LTIN251467" failures="0" tests="3" name="com.miniProject.testngClass" time="5.698" errors="0" timestamp="2024-01-11T14:21:58 IST" skipped="0">
  <testcase classname="com.miniProject.testngClass" name="validatePage" time="1.878"/>
  <testcase classname="com.miniProject.testngClass" name="totalLinks" time="3.264"/>
  <testcase classname="com.miniProject.testngClass" name="windowHandling" time="0.556"/>
</testsuite> <!-- com.miniProject.testngClass -->
