<?xml version="1.0" encoding="UTF-8"?>
<!-- Generated by org.testng.reporters.JUnitReportReporter -->
<testsuite hostname="LTIN251467" failures="0" tests="3" name="com.miniProject.pomTest" time="5.376" errors="0" timestamp="2024-01-11T15:15:52 IST" skipped="0">
  <testcase classname="com.miniProject.pomTest" name="validatePage" time="1.445"/>
  <testcase classname="com.miniProject.pomTest" name="totalLinks" time="3.410"/>
  <testcase classname="com.miniProject.pomTest" name="windowHandling" time="0.521"/>
</testsuite> <!-- com.miniProject.pomTest -->
